2019-07-08 09:56:54.950 [INFO ] [restartedMain] com.example.ssm_mysql.SsmMysqlApplication - Starting SsmMysqlApplication on DESKTOP-20MT4I9 with PID 4172 (D:\01-Project\01-Project-0002-JAVA\java_idea\ssm_mysql\target\classes started by Administrator in D:\01-Project\01-Project-0002-JAVA\java_idea\ssm_mysql)
2019-07-08 09:56:54.950 [INFO ] [restartedMain] com.example.ssm_mysql.SsmMysqlApplication - The following profiles are active: dev
2019-07-08 09:56:55.091 [INFO ] [restartedMain] o.s.b.w.s.c.AnnotationConfigServletWebServerApplicationContext - Refreshing org.springframework.boot.web.servlet.context.AnnotationConfigServletWebServerApplicationContext@14140612: startup date [Mon Jul 08 09:56:55 CST 2019]; root of context hierarchy
2019-07-08 09:56:56.966 [INFO ] [restartedMain] o.s.boot.web.embedded.tomcat.TomcatWebServer - Tomcat initialized with port(s): 8083 (http)
2019-07-08 09:56:57.200 [INFO ] [restartedMain] org.apache.coyote.http11.Http11NioProtocol - Initializing ProtocolHandler ["http-nio-127.0.0.1-8083"]
2019-07-08 09:56:57.232 [INFO ] [restartedMain] org.apache.catalina.core.StandardService - Starting service [Tomcat]
2019-07-08 09:56:57.232 [INFO ] [restartedMain] org.apache.catalina.core.StandardEngine - Starting Servlet Engine: Apache Tomcat/8.5.31
2019-07-08 09:56:57.247 [INFO ] [localhost-startStop-1] org.apache.catalina.core.AprLifecycleListener - The APR based Apache Tomcat Native library which allows optimal performance in production environments was not found on the java.library.path: [C:\Program Files\Java\jdk1.8.0_171\bin;C:\Windows\Sun\Java\bin;C:\Windows\system32;C:\Windows;C:\Program Files\Python37\Scripts\;C:\Program Files\Python37\;D:\app\Administrator\product\11.2.0\client_1\bin;D:\app\Administrator\product\11.2.0\dbhome_1\bin;C:\Program Files (x86)\NetSarang\Xshell 6\;C:\Program Files (x86)\Common Files\Oracle\Java\javapath;C:\Windows\system32;C:\Windows;C:\Windows\System32\Wbem;C:\Windows\System32\WindowsPowerShell\v1.0\;C:\Windows\System32\OpenSSH\;C:\Program Files\Java\jdk1.8.0_171\bin;D:\01-Project\01-Project-0002-JAVA\apache-maven-3.6.0\bin;;C:\Program Files\PostgreSQL\pg10\bin;C:\Users\Administrator\AppData\Local\Microsoft\WindowsApps;;.]
2019-07-08 09:56:57.357 [INFO ] [localhost-startStop-1] o.a.c.core.ContainerBase.[Tomcat].[localhost].[/] - Initializing Spring embedded WebApplicationContext
2019-07-08 09:56:57.357 [INFO ] [localhost-startStop-1] org.springframework.web.context.ContextLoader - Root WebApplicationContext: initialization completed in 2266 ms
2019-07-08 09:56:57.575 [INFO ] [localhost-startStop-1] o.s.boot.web.servlet.ServletRegistrationBean - Servlet dispatcherServlet mapped to [/]
2019-07-08 09:56:57.575 [INFO ] [localhost-startStop-1] o.s.boot.web.servlet.FilterRegistrationBean - Mapping filter: 'characterEncodingFilter' to: [/*]
2019-07-08 09:56:57.575 [INFO ] [localhost-startStop-1] o.s.boot.web.servlet.FilterRegistrationBean - Mapping filter: 'hiddenHttpMethodFilter' to: [/*]
2019-07-08 09:56:57.575 [INFO ] [localhost-startStop-1] o.s.boot.web.servlet.FilterRegistrationBean - Mapping filter: 'httpPutFormContentFilter' to: [/*]
2019-07-08 09:56:57.575 [INFO ] [localhost-startStop-1] o.s.boot.web.servlet.FilterRegistrationBean - Mapping filter: 'requestContextFilter' to: [/*]
2019-07-08 09:56:58.091 [INFO ] [restartedMain] o.s.web.servlet.handler.SimpleUrlHandlerMapping - Mapped URL path [/**/favicon.ico] onto handler of type [class org.springframework.web.servlet.resource.ResourceHttpRequestHandler]
2019-07-08 09:56:58.450 [INFO ] [restartedMain] o.s.w.s.m.m.a.RequestMappingHandlerAdapter - Looking for @ControllerAdvice: org.springframework.boot.web.servlet.context.AnnotationConfigServletWebServerApplicationContext@14140612: startup date [Mon Jul 08 09:56:55 CST 2019]; root of context hierarchy
2019-07-08 09:56:58.497 [INFO ] [restartedMain] o.s.w.s.m.m.a.RequestMappingHandlerMapping - Mapped "{[/device/collect],methods=[POST]}" onto public java.lang.String com.example.ssm_mysql.controller.Device.DeviceCollect()
2019-07-08 09:56:58.513 [INFO ] [restartedMain] o.s.w.s.m.m.a.RequestMappingHandlerMapping - Mapped "{[/test],methods=[TRACE]}" onto java.lang.String com.example.ssm_mysql.controller.Request.delete()
2019-07-08 09:56:58.513 [INFO ] [restartedMain] o.s.w.s.m.m.a.RequestMappingHandlerMapping - Mapped "{[/test],methods=[GET]}" onto java.lang.String com.example.ssm_mysql.controller.Request.GET()
2019-07-08 09:56:58.513 [INFO ] [restartedMain] o.s.w.s.m.m.a.RequestMappingHandlerMapping - Mapped "{[/test],methods=[DELETE]}" onto java.lang.String com.example.ssm_mysql.controller.Request.DELETE()
2019-07-08 09:56:58.513 [INFO ] [restartedMain] o.s.w.s.m.m.a.RequestMappingHandlerMapping - Mapped "{[/test],methods=[HEAD]}" onto java.lang.String com.example.ssm_mysql.controller.Request.HEAD()
2019-07-08 09:56:58.513 [INFO ] [restartedMain] o.s.w.s.m.m.a.RequestMappingHandlerMapping - Mapped "{[/test],methods=[POST]}" onto java.lang.String com.example.ssm_mysql.controller.Request.POST()
2019-07-08 09:56:58.513 [INFO ] [restartedMain] o.s.w.s.m.m.a.RequestMappingHandlerMapping - Mapped "{[/test],methods=[PUT]}" onto java.lang.String com.example.ssm_mysql.controller.Request.PUT()
2019-07-08 09:56:58.513 [INFO ] [restartedMain] o.s.w.s.m.m.a.RequestMappingHandlerMapping - Mapped "{[/test],methods=[PATCH]}" onto java.lang.String com.example.ssm_mysql.controller.Request.PATCH()
2019-07-08 09:56:58.513 [INFO ] [restartedMain] o.s.w.s.m.m.a.RequestMappingHandlerMapping - Mapped "{[/test],methods=[OPTIONS]}" onto java.lang.String com.example.ssm_mysql.controller.Request.OPTIONS()
2019-07-08 09:56:58.513 [INFO ] [restartedMain] o.s.w.s.m.m.a.RequestMappingHandlerMapping - Mapped "{[/test/deleteRequestDemo],methods=[DELETE]}" onto public java.lang.String com.example.ssm_mysql.controller.Request.deleteRequestDemo(int)
2019-07-08 09:56:58.513 [INFO ] [restartedMain] o.s.w.s.m.m.a.RequestMappingHandlerMapping - Mapped "{[/test/post3],methods=[POST]}" onto public com.example.ssm_mysql.domain.User com.example.ssm_mysql.controller.Request.login3(int,java.lang.String,java.lang.String)
2019-07-08 09:56:58.513 [INFO ] [restartedMain] o.s.w.s.m.m.a.RequestMappingHandlerMapping - Mapped "{[/test/post],methods=[POST]}" onto public com.example.ssm_mysql.domain.User com.example.ssm_mysql.controller.Request.login1(int,java.lang.String)
2019-07-08 09:56:58.513 [INFO ] [restartedMain] o.s.w.s.m.m.a.RequestMappingHandlerMapping - Mapped "{[/test/get1/{id}],methods=[GET]}" onto public java.lang.String com.example.ssm_mysql.controller.Request.getParamDemo1(int)
2019-07-08 09:56:58.513 [INFO ] [restartedMain] o.s.w.s.m.m.a.RequestMappingHandlerMapping - Mapped "{[/test/post1],methods=[POST]}" onto public com.example.ssm_mysql.domain.User com.example.ssm_mysql.controller.Request.login2(int,java.lang.String,com.example.ssm_mysql.domain.User)
2019-07-08 09:56:58.513 [INFO ] [restartedMain] o.s.w.s.m.m.a.RequestMappingHandlerMapping - Mapped "{[/test/get3/{id}],methods=[GET]}" onto public java.lang.String com.example.ssm_mysql.controller.Request.getParamDemo3(int,java.lang.String)
2019-07-08 09:56:58.528 [INFO ] [restartedMain] o.s.w.s.m.m.a.RequestMappingHandlerMapping - Mapped "{[/test/get2],methods=[GET]}" onto public java.lang.String com.example.ssm_mysql.controller.Request.getParamDemo2(int)
2019-07-08 09:56:58.528 [INFO ] [restartedMain] o.s.w.s.m.m.a.RequestMappingHandlerMapping - Mapped "{[/test/get],methods=[GET]}" onto public java.lang.String com.example.ssm_mysql.controller.Request.IndexController()
2019-07-08 09:56:58.528 [INFO ] [restartedMain] o.s.w.s.m.m.a.RequestMappingHandlerMapping - Mapped "{[/NTP]}" onto public void com.example.ssm_mysql.controller.Service.aaa()
2019-07-08 09:56:58.528 [INFO ] [restartedMain] o.s.w.s.m.m.a.RequestMappingHandlerMapping - Mapped "{[/update]}" onto public boolean com.example.ssm_mysql.controller.UserController.update()
2019-07-08 09:56:58.528 [INFO ] [restartedMain] o.s.w.s.m.m.a.RequestMappingHandlerMapping - Mapped "{[/delete/{id}]}" onto public boolean com.example.ssm_mysql.controller.UserController.delete(int)
2019-07-08 09:56:58.528 [INFO ] [restartedMain] o.s.w.s.m.m.a.RequestMappingHandlerMapping - Mapped "{[/insert]}" onto public boolean com.example.ssm_mysql.controller.UserController.insert()
2019-07-08 09:56:58.528 [INFO ] [restartedMain] o.s.w.s.m.m.a.RequestMappingHandlerMapping - Mapped "{[/select]}" onto public com.example.ssm_mysql.domain.User com.example.ssm_mysql.controller.UserController.select()
2019-07-08 09:56:58.528 [INFO ] [restartedMain] o.s.w.s.m.m.a.RequestMappingHandlerMapping - Mapped "{[/error]}" onto public org.springframework.http.ResponseEntity<java.util.Map<java.lang.String, java.lang.Object>> org.springframework.boot.autoconfigure.web.servlet.error.BasicErrorController.error(javax.servlet.http.HttpServletRequest)
2019-07-08 09:56:58.528 [INFO ] [restartedMain] o.s.w.s.m.m.a.RequestMappingHandlerMapping - Mapped "{[/error],produces=[text/html]}" onto public org.springframework.web.servlet.ModelAndView org.springframework.boot.autoconfigure.web.servlet.error.BasicErrorController.errorHtml(javax.servlet.http.HttpServletRequest,javax.servlet.http.HttpServletResponse)
2019-07-08 09:56:58.560 [INFO ] [restartedMain] o.s.web.servlet.handler.SimpleUrlHandlerMapping - Mapped URL path [/webjars/**] onto handler of type [class org.springframework.web.servlet.resource.ResourceHttpRequestHandler]
2019-07-08 09:56:58.560 [INFO ] [restartedMain] o.s.web.servlet.handler.SimpleUrlHandlerMapping - Mapped URL path [/**] onto handler of type [class org.springframework.web.servlet.resource.ResourceHttpRequestHandler]
2019-07-08 09:56:58.903 [INFO ] [restartedMain] o.s.b.d.autoconfigure.OptionalLiveReloadServer - LiveReload server is running on port 35729
2019-07-08 09:56:58.950 [INFO ] [restartedMain] o.s.jmx.export.annotation.AnnotationMBeanExporter - Registering beans for JMX exposure on startup
2019-07-08 09:56:58.950 [INFO ] [restartedMain] o.s.jmx.export.annotation.AnnotationMBeanExporter - Bean with name 'dataSource' has been autodetected for JMX exposure
2019-07-08 09:56:58.950 [INFO ] [restartedMain] o.s.jmx.export.annotation.AnnotationMBeanExporter - Located MBean 'dataSource': registering with JMX server as MBean [com.zaxxer.hikari:name=dataSource,type=HikariDataSource]
2019-07-08 09:56:58.981 [INFO ] [restartedMain] org.apache.coyote.http11.Http11NioProtocol - Starting ProtocolHandler ["http-nio-127.0.0.1-8083"]
2019-07-08 09:56:58.997 [INFO ] [restartedMain] org.apache.tomcat.util.net.NioSelectorPool - Using a shared selector for servlet write/read
2019-07-08 09:56:59.013 [INFO ] [restartedMain] o.s.boot.web.embedded.tomcat.TomcatWebServer - Tomcat started on port(s): 8083 (http) with context path ''
2019-07-08 09:56:59.013 [INFO ] [restartedMain] com.example.ssm_mysql.SsmMysqlApplication - Started SsmMysqlApplication in 4.625 seconds (JVM running for 11.928)
2019-07-08 10:00:17.432 [INFO ] [http-nio-127.0.0.1-8083-exec-1] o.a.c.core.ContainerBase.[Tomcat].[localhost].[/] - Initializing Spring FrameworkServlet 'dispatcherServlet'
2019-07-08 10:00:17.432 [INFO ] [http-nio-127.0.0.1-8083-exec-1] org.springframework.web.servlet.DispatcherServlet - FrameworkServlet 'dispatcherServlet': initialization started
2019-07-08 10:00:17.463 [INFO ] [http-nio-127.0.0.1-8083-exec-1] org.springframework.web.servlet.DispatcherServlet - FrameworkServlet 'dispatcherServlet': initialization completed in 31 ms
2019-07-08 10:01:03.648 [INFO ] [http-nio-127.0.0.1-8083-exec-8] com.zaxxer.hikari.HikariDataSource - HikariPool-1 - Starting...
2019-07-08 10:01:03.821 [INFO ] [http-nio-127.0.0.1-8083-exec-8] com.zaxxer.hikari.HikariDataSource - HikariPool-1 - Start completed.
