2020-04-10 15:00:15.479 [INFO ] [restartedMain] com.example.ssm_mysql.SsmMysqlApplication - Starting SsmMysqlApplication on DESKTOP-54ND4KV with PID 16244 (D:\01-Project\01-Project-0002-JAVA\java_idea\ssm_mysql\target\classes started by Administrator in D:\01-Project\01-Project-0002-JAVA\java_idea\ssm_mysql)
2020-04-10 15:00:15.482 [INFO ] [restartedMain] com.example.ssm_mysql.SsmMysqlApplication - The following profiles are active: dev
2020-04-10 15:00:15.717 [INFO ] [restartedMain] o.s.b.w.s.c.AnnotationConfigServletWebServerApplicationContext - Refreshing org.springframework.boot.web.servlet.context.AnnotationConfigServletWebServerApplicationContext@175becfa: startup date [Fri Apr 10 15:00:15 CST 2020]; root of context hierarchy
2020-04-10 15:00:20.667 [INFO ] [restartedMain] o.s.boot.web.embedded.tomcat.TomcatWebServer - Tomcat initialized with port(s): 8083 (http)
2020-04-10 15:00:21.683 [INFO ] [restartedMain] org.apache.coyote.http11.Http11NioProtocol - Initializing ProtocolHandler ["http-nio-127.0.0.1-8083"]
2020-04-10 15:00:21.712 [INFO ] [restartedMain] org.apache.catalina.core.StandardService - Starting service [Tomcat]
2020-04-10 15:00:21.713 [INFO ] [restartedMain] org.apache.catalina.core.StandardEngine - Starting Servlet Engine: Apache Tomcat/8.5.31
2020-04-10 15:00:21.722 [INFO ] [localhost-startStop-1] org.apache.catalina.core.AprLifecycleListener - The APR based Apache Tomcat Native library which allows optimal performance in production environments was not found on the java.library.path: [C:\Program Files\Java\jdk1.8.0_171\bin;C:\Windows\Sun\Java\bin;C:\Windows\system32;C:\Windows;C:\Program Files (x86)\Common Files\Oracle\Java\javapath;C:\Windows\system32;C:\Windows;C:\Windows\System32\Wbem;C:\Windows\System32\WindowsPowerShell\v1.0\;C:\Windows\System32\OpenSSH\;C:\Program Files\Java\jdk1.8.0_171\bin;D:\01-Project\01-Project-0002-JAVA\apache-maven\bin;C:\Program Files\Git\cmd;C:\Users\Administrator\AppData\Local\Microsoft\WindowsApps;;.]
2020-04-10 15:00:21.879 [INFO ] [localhost-startStop-1] o.a.c.core.ContainerBase.[Tomcat].[localhost].[/] - Initializing Spring embedded WebApplicationContext
2020-04-10 15:00:21.879 [INFO ] [localhost-startStop-1] org.springframework.web.context.ContextLoader - Root WebApplicationContext: initialization completed in 6162 ms
2020-04-10 15:00:22.121 [INFO ] [localhost-startStop-1] o.s.boot.web.servlet.ServletRegistrationBean - Servlet dispatcherServlet mapped to [/]
2020-04-10 15:00:22.127 [INFO ] [localhost-startStop-1] o.s.boot.web.servlet.FilterRegistrationBean - Mapping filter: 'characterEncodingFilter' to: [/*]
2020-04-10 15:00:22.128 [INFO ] [localhost-startStop-1] o.s.boot.web.servlet.FilterRegistrationBean - Mapping filter: 'hiddenHttpMethodFilter' to: [/*]
2020-04-10 15:00:22.128 [INFO ] [localhost-startStop-1] o.s.boot.web.servlet.FilterRegistrationBean - Mapping filter: 'httpPutFormContentFilter' to: [/*]
2020-04-10 15:00:22.128 [INFO ] [localhost-startStop-1] o.s.boot.web.servlet.FilterRegistrationBean - Mapping filter: 'requestContextFilter' to: [/*]
2020-04-10 15:00:22.609 [INFO ] [restartedMain] o.s.web.servlet.handler.SimpleUrlHandlerMapping - Mapped URL path [/**/favicon.ico] onto handler of type [class org.springframework.web.servlet.resource.ResourceHttpRequestHandler]
2020-04-10 15:00:22.947 [INFO ] [restartedMain] o.s.w.s.m.m.a.RequestMappingHandlerAdapter - Looking for @ControllerAdvice: org.springframework.boot.web.servlet.context.AnnotationConfigServletWebServerApplicationContext@175becfa: startup date [Fri Apr 10 15:00:15 CST 2020]; root of context hierarchy
2020-04-10 15:00:23.002 [INFO ] [restartedMain] o.s.w.s.m.m.a.RequestMappingHandlerMapping - Mapped "{[/device/collect],methods=[POST]}" onto public java.lang.String com.example.ssm_mysql.controller.Device.DeviceCollect()
2020-04-10 15:00:23.009 [INFO ] [restartedMain] o.s.w.s.m.m.a.RequestMappingHandlerMapping - Mapped "{[/test],methods=[TRACE]}" onto java.lang.String com.example.ssm_mysql.controller.Request.delete()
2020-04-10 15:00:23.010 [INFO ] [restartedMain] o.s.w.s.m.m.a.RequestMappingHandlerMapping - Mapped "{[/test],methods=[GET]}" onto java.lang.String com.example.ssm_mysql.controller.Request.GET()
2020-04-10 15:00:23.010 [INFO ] [restartedMain] o.s.w.s.m.m.a.RequestMappingHandlerMapping - Mapped "{[/test],methods=[DELETE]}" onto java.lang.String com.example.ssm_mysql.controller.Request.DELETE()
2020-04-10 15:00:23.011 [INFO ] [restartedMain] o.s.w.s.m.m.a.RequestMappingHandlerMapping - Mapped "{[/test],methods=[HEAD]}" onto java.lang.String com.example.ssm_mysql.controller.Request.HEAD()
2020-04-10 15:00:23.011 [INFO ] [restartedMain] o.s.w.s.m.m.a.RequestMappingHandlerMapping - Mapped "{[/test],methods=[POST]}" onto java.lang.String com.example.ssm_mysql.controller.Request.POST()
2020-04-10 15:00:23.011 [INFO ] [restartedMain] o.s.w.s.m.m.a.RequestMappingHandlerMapping - Mapped "{[/test],methods=[PATCH]}" onto java.lang.String com.example.ssm_mysql.controller.Request.PATCH()
2020-04-10 15:00:23.012 [INFO ] [restartedMain] o.s.w.s.m.m.a.RequestMappingHandlerMapping - Mapped "{[/test],methods=[PUT]}" onto java.lang.String com.example.ssm_mysql.controller.Request.PUT()
2020-04-10 15:00:23.012 [INFO ] [restartedMain] o.s.w.s.m.m.a.RequestMappingHandlerMapping - Mapped "{[/test],methods=[OPTIONS]}" onto java.lang.String com.example.ssm_mysql.controller.Request.OPTIONS()
2020-04-10 15:00:23.015 [INFO ] [restartedMain] o.s.w.s.m.m.a.RequestMappingHandlerMapping - Mapped "{[/test/deleteRequestDemo],methods=[DELETE]}" onto public java.lang.String com.example.ssm_mysql.controller.Request.deleteRequestDemo(int)
2020-04-10 15:00:23.015 [INFO ] [restartedMain] o.s.w.s.m.m.a.RequestMappingHandlerMapping - Mapped "{[/test/post1],methods=[POST]}" onto public com.example.ssm_mysql.domain.User com.example.ssm_mysql.controller.Request.login2(int,java.lang.String,com.example.ssm_mysql.domain.User)
2020-04-10 15:00:23.016 [INFO ] [restartedMain] o.s.w.s.m.m.a.RequestMappingHandlerMapping - Mapped "{[/test/post3],methods=[POST]}" onto public com.example.ssm_mysql.domain.User com.example.ssm_mysql.controller.Request.login3(int,java.lang.String,java.lang.String)
2020-04-10 15:00:23.017 [INFO ] [restartedMain] o.s.w.s.m.m.a.RequestMappingHandlerMapping - Mapped "{[/test/get2],methods=[GET]}" onto public java.lang.String com.example.ssm_mysql.controller.Request.getParamDemo2(int)
2020-04-10 15:00:23.018 [INFO ] [restartedMain] o.s.w.s.m.m.a.RequestMappingHandlerMapping - Mapped "{[/test/get],methods=[GET]}" onto public java.lang.String com.example.ssm_mysql.controller.Request.IndexController()
2020-04-10 15:00:23.018 [INFO ] [restartedMain] o.s.w.s.m.m.a.RequestMappingHandlerMapping - Mapped "{[/test/get3/{id}],methods=[GET]}" onto public java.lang.String com.example.ssm_mysql.controller.Request.getParamDemo3(int,java.lang.String)
2020-04-10 15:00:23.020 [INFO ] [restartedMain] o.s.w.s.m.m.a.RequestMappingHandlerMapping - Mapped "{[/test/get1/{id}],methods=[GET]}" onto public java.lang.String com.example.ssm_mysql.controller.Request.getParamDemo1(int)
2020-04-10 15:00:23.020 [INFO ] [restartedMain] o.s.w.s.m.m.a.RequestMappingHandlerMapping - Mapped "{[/test/post],methods=[POST]}" onto public com.example.ssm_mysql.domain.User com.example.ssm_mysql.controller.Request.login1(int,java.lang.String)
2020-04-10 15:00:23.021 [INFO ] [restartedMain] o.s.w.s.m.m.a.RequestMappingHandlerMapping - Mapped "{[/NTP]}" onto public void com.example.ssm_mysql.controller.Service.aaa()
2020-04-10 15:00:23.023 [INFO ] [restartedMain] o.s.w.s.m.m.a.RequestMappingHandlerMapping - Mapped "{[/update]}" onto public boolean com.example.ssm_mysql.controller.UserController.update()
2020-04-10 15:00:23.024 [INFO ] [restartedMain] o.s.w.s.m.m.a.RequestMappingHandlerMapping - Mapped "{[/delete/{id}]}" onto public boolean com.example.ssm_mysql.controller.UserController.delete(int)
2020-04-10 15:00:23.025 [INFO ] [restartedMain] o.s.w.s.m.m.a.RequestMappingHandlerMapping - Mapped "{[/insert]}" onto public boolean com.example.ssm_mysql.controller.UserController.insert()
2020-04-10 15:00:23.026 [INFO ] [restartedMain] o.s.w.s.m.m.a.RequestMappingHandlerMapping - Mapped "{[/select]}" onto public com.example.ssm_mysql.domain.User com.example.ssm_mysql.controller.UserController.select()
2020-04-10 15:00:23.034 [INFO ] [restartedMain] o.s.w.s.m.m.a.RequestMappingHandlerMapping - Mapped "{[/error]}" onto public org.springframework.http.ResponseEntity<java.util.Map<java.lang.String, java.lang.Object>> org.springframework.boot.autoconfigure.web.servlet.error.BasicErrorController.error(javax.servlet.http.HttpServletRequest)
2020-04-10 15:00:23.035 [INFO ] [restartedMain] o.s.w.s.m.m.a.RequestMappingHandlerMapping - Mapped "{[/error],produces=[text/html]}" onto public org.springframework.web.servlet.ModelAndView org.springframework.boot.autoconfigure.web.servlet.error.BasicErrorController.errorHtml(javax.servlet.http.HttpServletRequest,javax.servlet.http.HttpServletResponse)
2020-04-10 15:00:23.067 [INFO ] [restartedMain] o.s.web.servlet.handler.SimpleUrlHandlerMapping - Mapped URL path [/webjars/**] onto handler of type [class org.springframework.web.servlet.resource.ResourceHttpRequestHandler]
2020-04-10 15:00:23.067 [INFO ] [restartedMain] o.s.web.servlet.handler.SimpleUrlHandlerMapping - Mapped URL path [/**] onto handler of type [class org.springframework.web.servlet.resource.ResourceHttpRequestHandler]
2020-04-10 15:00:23.391 [INFO ] [restartedMain] o.s.b.d.autoconfigure.OptionalLiveReloadServer - LiveReload server is running on port 35729
2020-04-10 15:00:23.439 [INFO ] [restartedMain] o.s.jmx.export.annotation.AnnotationMBeanExporter - Registering beans for JMX exposure on startup
2020-04-10 15:00:23.441 [INFO ] [restartedMain] o.s.jmx.export.annotation.AnnotationMBeanExporter - Bean with name 'dataSource' has been autodetected for JMX exposure
2020-04-10 15:00:23.448 [INFO ] [restartedMain] o.s.jmx.export.annotation.AnnotationMBeanExporter - Located MBean 'dataSource': registering with JMX server as MBean [com.zaxxer.hikari:name=dataSource,type=HikariDataSource]
2020-04-10 15:00:23.473 [INFO ] [restartedMain] org.apache.coyote.http11.Http11NioProtocol - Starting ProtocolHandler ["http-nio-127.0.0.1-8083"]
2020-04-10 15:00:23.483 [INFO ] [restartedMain] org.apache.tomcat.util.net.NioSelectorPool - Using a shared selector for servlet write/read
2020-04-10 15:00:23.498 [INFO ] [restartedMain] o.s.boot.web.embedded.tomcat.TomcatWebServer - Tomcat started on port(s): 8083 (http) with context path ''
2020-04-10 15:00:23.502 [INFO ] [restartedMain] com.example.ssm_mysql.SsmMysqlApplication - Started SsmMysqlApplication in 9.682 seconds (JVM running for 12.335)
2020-04-10 15:07:45.650 [INFO ] [restartedMain] com.example.ssm_mysql.SsmMysqlApplication - Starting SsmMysqlApplication on DESKTOP-54ND4KV with PID 212 (D:\01-Project\01-Project-0002-JAVA\java_idea\ssm_mysql\target\classes started by Administrator in D:\01-Project\01-Project-0002-JAVA\java_idea\ssm_mysql)
2020-04-10 15:07:45.653 [INFO ] [restartedMain] com.example.ssm_mysql.SsmMysqlApplication - The following profiles are active: dev
2020-04-10 15:07:45.747 [INFO ] [restartedMain] o.s.b.w.s.c.AnnotationConfigServletWebServerApplicationContext - Refreshing org.springframework.boot.web.servlet.context.AnnotationConfigServletWebServerApplicationContext@3a114b33: startup date [Fri Apr 10 15:07:45 CST 2020]; root of context hierarchy
2020-04-10 15:07:48.172 [INFO ] [restartedMain] o.s.boot.web.embedded.tomcat.TomcatWebServer - Tomcat initialized with port(s): 8083 (http)
2020-04-10 15:07:48.902 [INFO ] [restartedMain] org.apache.coyote.http11.Http11NioProtocol - Initializing ProtocolHandler ["http-nio-127.0.0.1-8083"]
2020-04-10 15:07:48.927 [INFO ] [restartedMain] org.apache.catalina.core.StandardService - Starting service [Tomcat]
2020-04-10 15:07:48.927 [INFO ] [restartedMain] org.apache.catalina.core.StandardEngine - Starting Servlet Engine: Apache Tomcat/8.5.31
2020-04-10 15:07:48.934 [INFO ] [localhost-startStop-1] org.apache.catalina.core.AprLifecycleListener - The APR based Apache Tomcat Native library which allows optimal performance in production environments was not found on the java.library.path: [C:\Program Files\Java\jdk1.8.0_171\bin;C:\Windows\Sun\Java\bin;C:\Windows\system32;C:\Windows;C:\Program Files (x86)\Common Files\Oracle\Java\javapath;C:\Windows\system32;C:\Windows;C:\Windows\System32\Wbem;C:\Windows\System32\WindowsPowerShell\v1.0\;C:\Windows\System32\OpenSSH\;C:\Program Files\Java\jdk1.8.0_171\bin;D:\01-Project\01-Project-0002-JAVA\apache-maven\bin;C:\Program Files\Git\cmd;C:\Users\Administrator\AppData\Local\Microsoft\WindowsApps;;.]
2020-04-10 15:07:49.061 [INFO ] [localhost-startStop-1] o.a.c.core.ContainerBase.[Tomcat].[localhost].[/] - Initializing Spring embedded WebApplicationContext
2020-04-10 15:07:49.061 [INFO ] [localhost-startStop-1] org.springframework.web.context.ContextLoader - Root WebApplicationContext: initialization completed in 3314 ms
2020-04-10 15:07:49.316 [INFO ] [localhost-startStop-1] o.s.boot.web.servlet.ServletRegistrationBean - Servlet dispatcherServlet mapped to [/]
2020-04-10 15:07:49.325 [INFO ] [localhost-startStop-1] o.s.boot.web.servlet.FilterRegistrationBean - Mapping filter: 'characterEncodingFilter' to: [/*]
2020-04-10 15:07:49.325 [INFO ] [localhost-startStop-1] o.s.boot.web.servlet.FilterRegistrationBean - Mapping filter: 'hiddenHttpMethodFilter' to: [/*]
2020-04-10 15:07:49.325 [INFO ] [localhost-startStop-1] o.s.boot.web.servlet.FilterRegistrationBean - Mapping filter: 'httpPutFormContentFilter' to: [/*]
2020-04-10 15:07:49.325 [INFO ] [localhost-startStop-1] o.s.boot.web.servlet.FilterRegistrationBean - Mapping filter: 'requestContextFilter' to: [/*]
2020-04-10 15:07:49.739 [INFO ] [restartedMain] o.s.web.servlet.handler.SimpleUrlHandlerMapping - Mapped URL path [/**/favicon.ico] onto handler of type [class org.springframework.web.servlet.resource.ResourceHttpRequestHandler]
2020-04-10 15:07:50.038 [INFO ] [restartedMain] o.s.w.s.m.m.a.RequestMappingHandlerAdapter - Looking for @ControllerAdvice: org.springframework.boot.web.servlet.context.AnnotationConfigServletWebServerApplicationContext@3a114b33: startup date [Fri Apr 10 15:07:45 CST 2020]; root of context hierarchy
2020-04-10 15:07:50.087 [INFO ] [restartedMain] o.s.w.s.m.m.a.RequestMappingHandlerMapping - Mapped "{[/device/collect],methods=[POST]}" onto public java.lang.String com.example.ssm_mysql.controller.Device.DeviceCollect()
2020-04-10 15:07:50.093 [INFO ] [restartedMain] o.s.w.s.m.m.a.RequestMappingHandlerMapping - Mapped "{[/test],methods=[TRACE]}" onto java.lang.String com.example.ssm_mysql.controller.Request.delete()
2020-04-10 15:07:50.093 [INFO ] [restartedMain] o.s.w.s.m.m.a.RequestMappingHandlerMapping - Mapped "{[/test],methods=[GET]}" onto java.lang.String com.example.ssm_mysql.controller.Request.GET()
2020-04-10 15:07:50.094 [INFO ] [restartedMain] o.s.w.s.m.m.a.RequestMappingHandlerMapping - Mapped "{[/test],methods=[DELETE]}" onto java.lang.String com.example.ssm_mysql.controller.Request.DELETE()
2020-04-10 15:07:50.094 [INFO ] [restartedMain] o.s.w.s.m.m.a.RequestMappingHandlerMapping - Mapped "{[/test],methods=[HEAD]}" onto java.lang.String com.example.ssm_mysql.controller.Request.HEAD()
2020-04-10 15:07:50.094 [INFO ] [restartedMain] o.s.w.s.m.m.a.RequestMappingHandlerMapping - Mapped "{[/test],methods=[POST]}" onto java.lang.String com.example.ssm_mysql.controller.Request.POST()
2020-04-10 15:07:50.095 [INFO ] [restartedMain] o.s.w.s.m.m.a.RequestMappingHandlerMapping - Mapped "{[/test],methods=[PUT]}" onto java.lang.String com.example.ssm_mysql.controller.Request.PUT()
2020-04-10 15:07:50.095 [INFO ] [restartedMain] o.s.w.s.m.m.a.RequestMappingHandlerMapping - Mapped "{[/test],methods=[PATCH]}" onto java.lang.String com.example.ssm_mysql.controller.Request.PATCH()
2020-04-10 15:07:50.096 [INFO ] [restartedMain] o.s.w.s.m.m.a.RequestMappingHandlerMapping - Mapped "{[/test],methods=[OPTIONS]}" onto java.lang.String com.example.ssm_mysql.controller.Request.OPTIONS()
2020-04-10 15:07:50.098 [INFO ] [restartedMain] o.s.w.s.m.m.a.RequestMappingHandlerMapping - Mapped "{[/test/post3],methods=[POST]}" onto public com.example.ssm_mysql.domain.User com.example.ssm_mysql.controller.Request.login3(int,java.lang.String,java.lang.String)
2020-04-10 15:07:50.098 [INFO ] [restartedMain] o.s.w.s.m.m.a.RequestMappingHandlerMapping - Mapped "{[/test/get],methods=[GET]}" onto public java.lang.String com.example.ssm_mysql.controller.Request.IndexController()
2020-04-10 15:07:50.099 [INFO ] [restartedMain] o.s.w.s.m.m.a.RequestMappingHandlerMapping - Mapped "{[/test/get2],methods=[GET]}" onto public java.lang.String com.example.ssm_mysql.controller.Request.getParamDemo2(int)
2020-04-10 15:07:50.099 [INFO ] [restartedMain] o.s.w.s.m.m.a.RequestMappingHandlerMapping - Mapped "{[/test/post1],methods=[POST]}" onto public com.example.ssm_mysql.domain.User com.example.ssm_mysql.controller.Request.login2(int,java.lang.String,com.example.ssm_mysql.domain.User)
2020-04-10 15:07:50.100 [INFO ] [restartedMain] o.s.w.s.m.m.a.RequestMappingHandlerMapping - Mapped "{[/test/get1/{id}],methods=[GET]}" onto public java.lang.String com.example.ssm_mysql.controller.Request.getParamDemo1(int)
2020-04-10 15:07:50.101 [INFO ] [restartedMain] o.s.w.s.m.m.a.RequestMappingHandlerMapping - Mapped "{[/test/get3/{id}],methods=[GET]}" onto public java.lang.String com.example.ssm_mysql.controller.Request.getParamDemo3(int,java.lang.String)
2020-04-10 15:07:50.102 [INFO ] [restartedMain] o.s.w.s.m.m.a.RequestMappingHandlerMapping - Mapped "{[/test/post],methods=[POST]}" onto public com.example.ssm_mysql.domain.User com.example.ssm_mysql.controller.Request.login1(int,java.lang.String)
2020-04-10 15:07:50.102 [INFO ] [restartedMain] o.s.w.s.m.m.a.RequestMappingHandlerMapping - Mapped "{[/test/deleteRequestDemo],methods=[DELETE]}" onto public java.lang.String com.example.ssm_mysql.controller.Request.deleteRequestDemo(int)
2020-04-10 15:07:50.104 [INFO ] [restartedMain] o.s.w.s.m.m.a.RequestMappingHandlerMapping - Mapped "{[/NTP]}" onto public void com.example.ssm_mysql.controller.Service.aaa()
2020-04-10 15:07:50.105 [INFO ] [restartedMain] o.s.w.s.m.m.a.RequestMappingHandlerMapping - Mapped "{[/update]}" onto public boolean com.example.ssm_mysql.controller.UserController.update()
2020-04-10 15:07:50.106 [INFO ] [restartedMain] o.s.w.s.m.m.a.RequestMappingHandlerMapping - Mapped "{[/delete/{id}]}" onto public boolean com.example.ssm_mysql.controller.UserController.delete(int)
2020-04-10 15:07:50.106 [INFO ] [restartedMain] o.s.w.s.m.m.a.RequestMappingHandlerMapping - Mapped "{[/insert]}" onto public boolean com.example.ssm_mysql.controller.UserController.insert()
2020-04-10 15:07:50.107 [INFO ] [restartedMain] o.s.w.s.m.m.a.RequestMappingHandlerMapping - Mapped "{[/select]}" onto public com.example.ssm_mysql.domain.User com.example.ssm_mysql.controller.UserController.select()
2020-04-10 15:07:50.114 [INFO ] [restartedMain] o.s.w.s.m.m.a.RequestMappingHandlerMapping - Mapped "{[/error]}" onto public org.springframework.http.ResponseEntity<java.util.Map<java.lang.String, java.lang.Object>> org.springframework.boot.autoconfigure.web.servlet.error.BasicErrorController.error(javax.servlet.http.HttpServletRequest)
2020-04-10 15:07:50.115 [INFO ] [restartedMain] o.s.w.s.m.m.a.RequestMappingHandlerMapping - Mapped "{[/error],produces=[text/html]}" onto public org.springframework.web.servlet.ModelAndView org.springframework.boot.autoconfigure.web.servlet.error.BasicErrorController.errorHtml(javax.servlet.http.HttpServletRequest,javax.servlet.http.HttpServletResponse)
2020-04-10 15:07:50.154 [INFO ] [restartedMain] o.s.web.servlet.handler.SimpleUrlHandlerMapping - Mapped URL path [/webjars/**] onto handler of type [class org.springframework.web.servlet.resource.ResourceHttpRequestHandler]
2020-04-10 15:07:50.154 [INFO ] [restartedMain] o.s.web.servlet.handler.SimpleUrlHandlerMapping - Mapped URL path [/**] onto handler of type [class org.springframework.web.servlet.resource.ResourceHttpRequestHandler]
2020-04-10 15:07:50.523 [INFO ] [restartedMain] o.s.b.d.autoconfigure.OptionalLiveReloadServer - LiveReload server is running on port 35729
2020-04-10 15:07:50.567 [INFO ] [restartedMain] o.s.jmx.export.annotation.AnnotationMBeanExporter - Registering beans for JMX exposure on startup
2020-04-10 15:07:50.568 [INFO ] [restartedMain] o.s.jmx.export.annotation.AnnotationMBeanExporter - Bean with name 'dataSource' has been autodetected for JMX exposure
2020-04-10 15:07:50.573 [INFO ] [restartedMain] o.s.jmx.export.annotation.AnnotationMBeanExporter - Located MBean 'dataSource': registering with JMX server as MBean [com.zaxxer.hikari:name=dataSource,type=HikariDataSource]
2020-04-10 15:07:50.595 [INFO ] [restartedMain] org.apache.coyote.http11.Http11NioProtocol - Starting ProtocolHandler ["http-nio-127.0.0.1-8083"]
2020-04-10 15:07:50.605 [INFO ] [restartedMain] org.apache.tomcat.util.net.NioSelectorPool - Using a shared selector for servlet write/read
2020-04-10 15:07:50.619 [INFO ] [restartedMain] o.s.boot.web.embedded.tomcat.TomcatWebServer - Tomcat started on port(s): 8083 (http) with context path ''
2020-04-10 15:07:50.624 [INFO ] [restartedMain] com.example.ssm_mysql.SsmMysqlApplication - Started SsmMysqlApplication in 5.786 seconds (JVM running for 7.83)
2020-04-10 15:08:17.650 [INFO ] [http-nio-127.0.0.1-8083-exec-1] o.a.c.core.ContainerBase.[Tomcat].[localhost].[/] - Initializing Spring FrameworkServlet 'dispatcherServlet'
2020-04-10 15:08:17.650 [INFO ] [http-nio-127.0.0.1-8083-exec-1] org.springframework.web.servlet.DispatcherServlet - FrameworkServlet 'dispatcherServlet': initialization started
2020-04-10 15:08:17.684 [INFO ] [http-nio-127.0.0.1-8083-exec-1] org.springframework.web.servlet.DispatcherServlet - FrameworkServlet 'dispatcherServlet': initialization completed in 34 ms
2020-04-10 15:08:34.453 [INFO ] [http-nio-127.0.0.1-8083-exec-3] com.zaxxer.hikari.HikariDataSource - HikariPool-1 - Starting...
2020-04-10 15:08:34.670 [INFO ] [http-nio-127.0.0.1-8083-exec-3] com.zaxxer.hikari.HikariDataSource - HikariPool-1 - Start completed.
2020-04-10 15:08:34.727 [INFO ] [http-nio-127.0.0.1-8083-exec-3] o.s.beans.factory.xml.XmlBeanDefinitionReader - Loading XML bean definitions from class path resource [org/springframework/jdbc/support/sql-error-codes.xml]
2020-04-10 15:08:34.781 [INFO ] [http-nio-127.0.0.1-8083-exec-3] o.s.jdbc.support.SQLErrorCodesFactory - SQLErrorCodes loaded: [DB2, Derby, H2, HDB, HSQL, Informix, MS-SQL, MySQL, Oracle, PostgreSQL, Sybase]
