2020-03-02 18:57:04.919 [INFO ] [restartedMain] com.example.ssm_mysql.SsmMysqlApplication - Starting SsmMysqlApplication on DESKTOP-54ND4KV with PID 13612 (D:\01-Project\01-Project-0002-JAVA\java_idea\ssm_mysql\target\classes started by Administrator in D:\01-Project\01-Project-0002-JAVA\java_idea\ssm_mysql)
2020-03-02 18:57:04.923 [INFO ] [restartedMain] com.example.ssm_mysql.SsmMysqlApplication - The following profiles are active: dev
2020-03-02 18:57:05.158 [INFO ] [restartedMain] o.s.b.w.s.c.AnnotationConfigServletWebServerApplicationContext - Refreshing org.springframework.boot.web.servlet.context.AnnotationConfigServletWebServerApplicationContext@fe2367a: startup date [Mon Mar 02 18:57:05 CST 2020]; root of context hierarchy
2020-03-02 18:57:07.801 [INFO ] [restartedMain] o.s.boot.web.embedded.tomcat.TomcatWebServer - Tomcat initialized with port(s): 8083 (http)
2020-03-02 18:57:08.338 [INFO ] [restartedMain] org.apache.coyote.http11.Http11NioProtocol - Initializing ProtocolHandler ["http-nio-127.0.0.1-8083"]
2020-03-02 18:57:08.422 [INFO ] [restartedMain] org.apache.catalina.core.StandardService - Starting service [Tomcat]
2020-03-02 18:57:08.423 [INFO ] [restartedMain] org.apache.catalina.core.StandardEngine - Starting Servlet Engine: Apache Tomcat/8.5.31
2020-03-02 18:57:08.440 [INFO ] [localhost-startStop-1] org.apache.catalina.core.AprLifecycleListener - The APR based Apache Tomcat Native library which allows optimal performance in production environments was not found on the java.library.path: [C:\Program Files\Java\jdk1.8.0_171\bin;C:\Windows\Sun\Java\bin;C:\Windows\system32;C:\Windows;C:\Program Files (x86)\Common Files\Oracle\Java\javapath;C:\Windows\system32;C:\Windows;C:\Windows\System32\Wbem;C:\Windows\System32\WindowsPowerShell\v1.0\;C:\Windows\System32\OpenSSH\;C:\Program Files\Java\jdk1.8.0_171\bin;D:\01-Project\01-Project-0002-JAVA\apache-maven-3.6.0\bin;C:\Users\Administrator\AppData\Local\Microsoft\WindowsApps;;.]
2020-03-02 18:57:08.680 [INFO ] [localhost-startStop-1] o.a.c.core.ContainerBase.[Tomcat].[localhost].[/] - Initializing Spring embedded WebApplicationContext
2020-03-02 18:57:08.682 [INFO ] [localhost-startStop-1] org.springframework.web.context.ContextLoader - Root WebApplicationContext: initialization completed in 3524 ms
2020-03-02 18:57:09.915 [INFO ] [localhost-startStop-1] o.s.boot.web.servlet.ServletRegistrationBean - Servlet dispatcherServlet mapped to [/]
2020-03-02 18:57:09.930 [INFO ] [localhost-startStop-1] o.s.boot.web.servlet.FilterRegistrationBean - Mapping filter: 'characterEncodingFilter' to: [/*]
2020-03-02 18:57:09.932 [INFO ] [localhost-startStop-1] o.s.boot.web.servlet.FilterRegistrationBean - Mapping filter: 'hiddenHttpMethodFilter' to: [/*]
2020-03-02 18:57:09.933 [INFO ] [localhost-startStop-1] o.s.boot.web.servlet.FilterRegistrationBean - Mapping filter: 'httpPutFormContentFilter' to: [/*]
2020-03-02 18:57:09.934 [INFO ] [localhost-startStop-1] o.s.boot.web.servlet.FilterRegistrationBean - Mapping filter: 'requestContextFilter' to: [/*]
2020-03-02 18:57:11.114 [INFO ] [restartedMain] o.s.web.servlet.handler.SimpleUrlHandlerMapping - Mapped URL path [/**/favicon.ico] onto handler of type [class org.springframework.web.servlet.resource.ResourceHttpRequestHandler]
2020-03-02 18:57:11.470 [INFO ] [restartedMain] o.s.w.s.m.m.a.RequestMappingHandlerAdapter - Looking for @ControllerAdvice: org.springframework.boot.web.servlet.context.AnnotationConfigServletWebServerApplicationContext@fe2367a: startup date [Mon Mar 02 18:57:05 CST 2020]; root of context hierarchy
2020-03-02 18:57:11.524 [INFO ] [restartedMain] o.s.w.s.m.m.a.RequestMappingHandlerMapping - Mapped "{[/device/collect],methods=[POST]}" onto public java.lang.String com.example.ssm_mysql.controller.Device.DeviceCollect()
2020-03-02 18:57:11.536 [INFO ] [restartedMain] o.s.w.s.m.m.a.RequestMappingHandlerMapping - Mapped "{[/test],methods=[TRACE]}" onto java.lang.String com.example.ssm_mysql.controller.Request.delete()
2020-03-02 18:57:11.537 [INFO ] [restartedMain] o.s.w.s.m.m.a.RequestMappingHandlerMapping - Mapped "{[/test],methods=[GET]}" onto java.lang.String com.example.ssm_mysql.controller.Request.GET()
2020-03-02 18:57:11.538 [INFO ] [restartedMain] o.s.w.s.m.m.a.RequestMappingHandlerMapping - Mapped "{[/test],methods=[DELETE]}" onto java.lang.String com.example.ssm_mysql.controller.Request.DELETE()
2020-03-02 18:57:11.538 [INFO ] [restartedMain] o.s.w.s.m.m.a.RequestMappingHandlerMapping - Mapped "{[/test],methods=[HEAD]}" onto java.lang.String com.example.ssm_mysql.controller.Request.HEAD()
2020-03-02 18:57:11.539 [INFO ] [restartedMain] o.s.w.s.m.m.a.RequestMappingHandlerMapping - Mapped "{[/test],methods=[POST]}" onto java.lang.String com.example.ssm_mysql.controller.Request.POST()
2020-03-02 18:57:11.539 [INFO ] [restartedMain] o.s.w.s.m.m.a.RequestMappingHandlerMapping - Mapped "{[/test],methods=[PATCH]}" onto java.lang.String com.example.ssm_mysql.controller.Request.PATCH()
2020-03-02 18:57:11.540 [INFO ] [restartedMain] o.s.w.s.m.m.a.RequestMappingHandlerMapping - Mapped "{[/test],methods=[OPTIONS]}" onto java.lang.String com.example.ssm_mysql.controller.Request.OPTIONS()
2020-03-02 18:57:11.541 [INFO ] [restartedMain] o.s.w.s.m.m.a.RequestMappingHandlerMapping - Mapped "{[/test],methods=[PUT]}" onto java.lang.String com.example.ssm_mysql.controller.Request.PUT()
2020-03-02 18:57:11.543 [INFO ] [restartedMain] o.s.w.s.m.m.a.RequestMappingHandlerMapping - Mapped "{[/test/deleteRequestDemo],methods=[DELETE]}" onto public java.lang.String com.example.ssm_mysql.controller.Request.deleteRequestDemo(int)
2020-03-02 18:57:11.543 [INFO ] [restartedMain] o.s.w.s.m.m.a.RequestMappingHandlerMapping - Mapped "{[/test/get2],methods=[GET]}" onto public java.lang.String com.example.ssm_mysql.controller.Request.getParamDemo2(int)
2020-03-02 18:57:11.544 [INFO ] [restartedMain] o.s.w.s.m.m.a.RequestMappingHandlerMapping - Mapped "{[/test/post],methods=[POST]}" onto public com.example.ssm_mysql.domain.User com.example.ssm_mysql.controller.Request.login1(int,java.lang.String)
2020-03-02 18:57:11.544 [INFO ] [restartedMain] o.s.w.s.m.m.a.RequestMappingHandlerMapping - Mapped "{[/test/post1],methods=[POST]}" onto public com.example.ssm_mysql.domain.User com.example.ssm_mysql.controller.Request.login2(int,java.lang.String,com.example.ssm_mysql.domain.User)
2020-03-02 18:57:11.545 [INFO ] [restartedMain] o.s.w.s.m.m.a.RequestMappingHandlerMapping - Mapped "{[/test/post3],methods=[POST]}" onto public com.example.ssm_mysql.domain.User com.example.ssm_mysql.controller.Request.login3(int,java.lang.String,java.lang.String)
2020-03-02 18:57:11.546 [INFO ] [restartedMain] o.s.w.s.m.m.a.RequestMappingHandlerMapping - Mapped "{[/test/get3/{id}],methods=[GET]}" onto public java.lang.String com.example.ssm_mysql.controller.Request.getParamDemo3(int,java.lang.String)
2020-03-02 18:57:11.547 [INFO ] [restartedMain] o.s.w.s.m.m.a.RequestMappingHandlerMapping - Mapped "{[/test/get],methods=[GET]}" onto public java.lang.String com.example.ssm_mysql.controller.Request.IndexController()
2020-03-02 18:57:11.547 [INFO ] [restartedMain] o.s.w.s.m.m.a.RequestMappingHandlerMapping - Mapped "{[/test/get1/{id}],methods=[GET]}" onto public java.lang.String com.example.ssm_mysql.controller.Request.getParamDemo1(int)
2020-03-02 18:57:11.548 [INFO ] [restartedMain] o.s.w.s.m.m.a.RequestMappingHandlerMapping - Mapped "{[/NTP]}" onto public void com.example.ssm_mysql.controller.Service.aaa()
2020-03-02 18:57:11.550 [INFO ] [restartedMain] o.s.w.s.m.m.a.RequestMappingHandlerMapping - Mapped "{[/update]}" onto public boolean com.example.ssm_mysql.controller.UserController.update()
2020-03-02 18:57:11.551 [INFO ] [restartedMain] o.s.w.s.m.m.a.RequestMappingHandlerMapping - Mapped "{[/delete/{id}]}" onto public boolean com.example.ssm_mysql.controller.UserController.delete(int)
2020-03-02 18:57:11.555 [INFO ] [restartedMain] o.s.w.s.m.m.a.RequestMappingHandlerMapping - Mapped "{[/insert]}" onto public boolean com.example.ssm_mysql.controller.UserController.insert()
2020-03-02 18:57:11.557 [INFO ] [restartedMain] o.s.w.s.m.m.a.RequestMappingHandlerMapping - Mapped "{[/select]}" onto public com.example.ssm_mysql.domain.User com.example.ssm_mysql.controller.UserController.select()
2020-03-02 18:57:11.564 [INFO ] [restartedMain] o.s.w.s.m.m.a.RequestMappingHandlerMapping - Mapped "{[/error]}" onto public org.springframework.http.ResponseEntity<java.util.Map<java.lang.String, java.lang.Object>> org.springframework.boot.autoconfigure.web.servlet.error.BasicErrorController.error(javax.servlet.http.HttpServletRequest)
2020-03-02 18:57:11.565 [INFO ] [restartedMain] o.s.w.s.m.m.a.RequestMappingHandlerMapping - Mapped "{[/error],produces=[text/html]}" onto public org.springframework.web.servlet.ModelAndView org.springframework.boot.autoconfigure.web.servlet.error.BasicErrorController.errorHtml(javax.servlet.http.HttpServletRequest,javax.servlet.http.HttpServletResponse)
2020-03-02 18:57:11.611 [INFO ] [restartedMain] o.s.web.servlet.handler.SimpleUrlHandlerMapping - Mapped URL path [/webjars/**] onto handler of type [class org.springframework.web.servlet.resource.ResourceHttpRequestHandler]
2020-03-02 18:57:11.611 [INFO ] [restartedMain] o.s.web.servlet.handler.SimpleUrlHandlerMapping - Mapped URL path [/**] onto handler of type [class org.springframework.web.servlet.resource.ResourceHttpRequestHandler]
2020-03-02 18:57:11.977 [INFO ] [restartedMain] o.s.b.d.autoconfigure.OptionalLiveReloadServer - LiveReload server is running on port 35729
2020-03-02 18:57:12.021 [INFO ] [restartedMain] o.s.jmx.export.annotation.AnnotationMBeanExporter - Registering beans for JMX exposure on startup
2020-03-02 18:57:12.024 [INFO ] [restartedMain] o.s.jmx.export.annotation.AnnotationMBeanExporter - Bean with name 'dataSource' has been autodetected for JMX exposure
2020-03-02 18:57:12.032 [INFO ] [restartedMain] o.s.jmx.export.annotation.AnnotationMBeanExporter - Located MBean 'dataSource': registering with JMX server as MBean [com.zaxxer.hikari:name=dataSource,type=HikariDataSource]
2020-03-02 18:57:12.065 [INFO ] [restartedMain] org.apache.coyote.http11.Http11NioProtocol - Starting ProtocolHandler ["http-nio-127.0.0.1-8083"]
2020-03-02 18:57:12.074 [INFO ] [restartedMain] org.apache.tomcat.util.net.NioSelectorPool - Using a shared selector for servlet write/read
2020-03-02 18:57:12.090 [INFO ] [restartedMain] o.s.boot.web.embedded.tomcat.TomcatWebServer - Tomcat started on port(s): 8083 (http) with context path ''
2020-03-02 18:57:12.095 [INFO ] [restartedMain] com.example.ssm_mysql.SsmMysqlApplication - Started SsmMysqlApplication in 8.035 seconds (JVM running for 10.87)
